<?xml version="1.0" encoding="UTF-8"?>
<!-- Generated by org.testng.reporters.JUnitXMLReporter -->
<testsuite ignored="0" hostname="GP-PC-6000017.local" failures="0" tests="4" name="Command line test" time="5.26" errors="0" timestamp="12 Aug 2022 05:30:50 GMT">
  <testcase classname="com.typicode.jsonplaceholder.tests.TestSuit" name="VerifyUserDataWorkingProperly" time="3.262"/>
  <testcase classname="com.typicode.jsonplaceholder.tests.TestSuit" name="VerifyUserID" time="0.388"/>
  <testcase classname="com.typicode.jsonplaceholder.tests.TestSuit" name="VerifyUsersPostsAreShowing" time="0.27"/>
  <testcase classname="com.typicode.jsonplaceholder.tests.TestSuit" name="VerifyEmailFormatIsOk" time="0.975"/>
</testsuite> <!-- Command line test -->
