<?xml version="1.0" encoding="UTF-8"?>
<testng-results ignored="0" total="4" passed="4" failed="0" skipped="0">
  <reporter-output>
  </reporter-output>
  <suite started-at="2022-08-12T05:30:45Z" name="com.typicode.jsonplaceholder.tests.TestSuit" finished-at="2022-08-12T05:30:50Z" duration-ms="5260">
    <groups>
    </groups>
    <test started-at="2022-08-12T05:30:45Z" name="Command line test" finished-at="2022-08-12T05:30:50Z" duration-ms="5260">
      <class name="com.typicode.jsonplaceholder.tests.TestSuit">
        <test-method is-config="true" signature="beforeTest()[pri:0, instance:com.typicode.jsonplaceholder.tests.TestSuit@25af5db5]" started-at="2022-08-12T05:30:45Z" name="beforeTest" finished-at="2022-08-12T05:30:45Z" duration-ms="197" status="PASS">
          <reporter-output>
          </reporter-output>
        </test-method> <!-- beforeTest -->
        <test-method signature="VerifyUserDataWorkingProperly()[pri:0, instance:com.typicode.jsonplaceholder.tests.TestSuit@25af5db5]" started-at="2022-08-12T05:30:45Z" name="VerifyUserDataWorkingProperly" description="Verify that the field object is not empty" finished-at="2022-08-12T05:30:48Z" duration-ms="3262" status="PASS">
          <reporter-output>
          </reporter-output>
        </test-method> <!-- VerifyUserDataWorkingProperly -->
        <test-method signature="VerifyUserID()[pri:1, instance:com.typicode.jsonplaceholder.tests.TestSuit@25af5db5]" started-at="2022-08-12T05:30:48Z" name="VerifyUserID" description="Verify that the Data object is not empty" finished-at="2022-08-12T05:30:48Z" duration-ms="388" status="PASS">
          <reporter-output>
          </reporter-output>
        </test-method> <!-- VerifyUserID -->
        <test-method signature="VerifyUsersPostsAreShowing()[pri:3, instance:com.typicode.jsonplaceholder.tests.TestSuit@25af5db5]" started-at="2022-08-12T05:30:48Z" name="VerifyUsersPostsAreShowing" description="Verify that the Count is not empty" finished-at="2022-08-12T05:30:49Z" duration-ms="270" status="PASS">
          <reporter-output>
          </reporter-output>
        </test-method> <!-- VerifyUsersPostsAreShowing -->
        <test-method signature="VerifyEmailFormatIsOk()[pri:4, instance:com.typicode.jsonplaceholder.tests.TestSuit@25af5db5]" started-at="2022-08-12T05:30:49Z" name="VerifyEmailFormatIsOk" description="Verify that all the filter values are available" finished-at="2022-08-12T05:30:50Z" duration-ms="975" status="PASS">
          <reporter-output>
          </reporter-output>
        </test-method> <!-- VerifyEmailFormatIsOk -->
        <test-method is-config="true" signature="afterTest()[pri:0, instance:com.typicode.jsonplaceholder.tests.TestSuit@25af5db5]" started-at="2022-08-12T05:30:50Z" name="afterTest" finished-at="2022-08-12T05:30:50Z" duration-ms="155" status="PASS">
          <reporter-output>
          </reporter-output>
        </test-method> <!-- afterTest -->
      </class> <!-- com.typicode.jsonplaceholder.tests.TestSuit -->
    </test> <!-- Command line test -->
  </suite> <!-- com.typicode.jsonplaceholder.tests.TestSuit -->
</testng-results>
